{"trial_id": "0000", "hyperparameters": {"space": [{"class_name": "Int", "config": {"name": "num_layers", "default": null, "conditions": [], "min_value": 1, "max_value": 4, "step": 1, "sampling": "linear"}}, {"class_name": "Int", "config": {"name": "units_0", "default": null, "conditions": [], "min_value": 32, "max_value": 512, "step": 32, "sampling": "linear"}}, {"class_name": "Choice", "config": {"name": "activation_0", "default": "relu", "conditions": [], "values": ["relu", "tanh"], "ordered": false}}, {"class_name": "Boolean", "config": {"name": "dropout_0", "default": false, "conditions": []}}, {"class_name": "Float", "config": {"name": "learning_rate", "default": 0.0001, "conditions": [], "min_value": 0.0001, "max_value": 0.01, "step": null, "sampling": "log"}}, {"class_name": "Choice", "config": {"name": "optimizer", "default": "adam", "conditions": [], "values": ["adam", "rmsprop"], "ordered": false}}, {"class_name": "Int", "config": {"name": "units_1", "default": null, "conditions": [], "min_value": 32, "max_value": 512, "step": 32, "sampling": "linear"}}, {"class_name": "Choice", "config": {"name": "activation_1", "default": "relu", "conditions": [], "values": ["relu", "tanh"], "ordered": false}}, {"class_name": "Boolean", "config": {"name": "dropout_1", "default": false, "conditions": []}}, {"class_name": "Int", "config": {"name": "units_2", "default": null, "conditions": [], "min_value": 32, "max_value": 512, "step": 32, "sampling": "linear"}}, {"class_name": "Choice", "config": {"name": "activation_2", "default": "relu", "conditions": [], "values": ["relu", "tanh"], "ordered": false}}, {"class_name": "Boolean", "config": {"name": "dropout_2", "default": false, "conditions": []}}, {"class_name": "Int", "config": {"name": "units_3", "default": null, "conditions": [], "min_value": 32, "max_value": 512, "step": 32, "sampling": "linear"}}, {"class_name": "Choice", "config": {"name": "activation_3", "default": "relu", "conditions": [], "values": ["relu", "tanh"], "ordered": false}}, {"class_name": "Boolean", "config": {"name": "dropout_3", "default": false, "conditions": []}}], "values": {"num_layers": 4, "units_0": 448, "activation_0": "relu", "dropout_0": false, "learning_rate": 0.007312945123669112, "optimizer": "adam", "tuner/epochs": 2, "tuner/initial_epoch": 0, "tuner/bracket": 2, "tuner/round": 0, "units_1": 32, "activation_1": "relu", "dropout_1": false, "units_2": 32, "activation_2": "relu", "dropout_2": false, "units_3": 32, "activation_3": "relu", "dropout_3": false}}, "metrics": {"metrics": {}}, "score": null, "best_step": 0, "status": "FAILED", "message": "Traceback (most recent call last):\n  File \"C:\\Users\\DELL\\miniconda3\\envs\\campusx\\Lib\\site-packages\\keras_tuner\\src\\engine\\base_tuner.py\", line 274, in _try_run_and_update_trial\n    self._run_and_update_trial(trial, *fit_args, **fit_kwargs)\n    ~~~~~~~~~~~~~~~~~~~~~~~~~~^^^^^^^^^^^^^^^^^^^^^^^^^^^^^^^^\n  File \"C:\\Users\\DELL\\miniconda3\\envs\\campusx\\Lib\\site-packages\\keras_tuner\\src\\engine\\base_tuner.py\", line 239, in _run_and_update_trial\n    results = self.run_trial(trial, *fit_args, **fit_kwargs)\n  File \"C:\\Users\\DELL\\miniconda3\\envs\\campusx\\Lib\\site-packages\\keras_tuner\\src\\tuners\\hyperband.py\", line 427, in run_trial\n    return super().run_trial(trial, *fit_args, **fit_kwargs)\n           ~~~~~~~~~~~~~~~~~^^^^^^^^^^^^^^^^^^^^^^^^^^^^^^^^\n  File \"C:\\Users\\DELL\\miniconda3\\envs\\campusx\\Lib\\site-packages\\keras_tuner\\src\\engine\\tuner.py\", line 314, in run_trial\n    obj_value = self._build_and_fit_model(trial, *args, **copied_kwargs)\n  File \"C:\\Users\\DELL\\miniconda3\\envs\\campusx\\Lib\\site-packages\\keras_tuner\\src\\engine\\tuner.py\", line 233, in _build_and_fit_model\n    results = self.hypermodel.fit(hp, model, *args, **kwargs)\n  File \"C:\\Users\\DELL\\miniconda3\\envs\\campusx\\Lib\\site-packages\\keras_tuner\\src\\engine\\hypermodel.py\", line 149, in fit\n    return model.fit(*args, **kwargs)\n           ~~~~~~~~~^^^^^^^^^^^^^^^^^\n  File \"C:\\Users\\DELL\\miniconda3\\envs\\campusx\\Lib\\site-packages\\keras\\src\\utils\\traceback_utils.py\", line 122, in error_handler\n    raise e.with_traceback(filtered_tb) from None\n  File \"C:\\Users\\DELL\\miniconda3\\envs\\campusx\\Lib\\site-packages\\tensorflow\\python\\eager\\execute.py\", line 59, in quick_execute\n    except TypeError as e:\n    ...<5 lines>...\n      raise e\ntensorflow.python.framework.errors_impl.InvalidArgumentError: Graph execution error:\n\nDetected at node compile_loss/sparse_categorical_crossentropy/SparseSoftmaxCrossEntropyWithLogits/SparseSoftmaxCrossEntropyWithLogits defined at (most recent call last):\n  File \"C:\\Users\\DELL\\miniconda3\\envs\\campusx\\Lib\\runpy.py\", line 198, in _run_module_as_main\n\n  File \"C:\\Users\\DELL\\miniconda3\\envs\\campusx\\Lib\\runpy.py\", line 88, in _run_code\n\n  File \"C:\\Users\\DELL\\miniconda3\\envs\\campusx\\Lib\\site-packages\\ipykernel_launcher.py\", line 18, in <module>\n\n  File \"C:\\Users\\DELL\\miniconda3\\envs\\campusx\\Lib\\site-packages\\traitlets\\config\\application.py\", line 1075, in launch_instance\n\n  File \"C:\\Users\\DELL\\miniconda3\\envs\\campusx\\Lib\\site-packages\\ipykernel\\kernelapp.py\", line 739, in start\n\n  File \"C:\\Users\\DELL\\miniconda3\\envs\\campusx\\Lib\\site-packages\\tornado\\platform\\asyncio.py\", line 211, in start\n\n  File \"C:\\Users\\DELL\\miniconda3\\envs\\campusx\\Lib\\asyncio\\base_events.py\", line 683, in run_forever\n\n  File \"C:\\Users\\DELL\\miniconda3\\envs\\campusx\\Lib\\asyncio\\base_events.py\", line 2050, in _run_once\n\n  File \"C:\\Users\\DELL\\miniconda3\\envs\\campusx\\Lib\\asyncio\\events.py\", line 89, in _run\n\n  File \"C:\\Users\\DELL\\miniconda3\\envs\\campusx\\Lib\\site-packages\\ipykernel\\kernelbase.py\", line 519, in dispatch_queue\n\n  File \"C:\\Users\\DELL\\miniconda3\\envs\\campusx\\Lib\\site-packages\\ipykernel\\kernelbase.py\", line 508, in process_one\n\n  File \"C:\\Users\\DELL\\miniconda3\\envs\\campusx\\Lib\\site-packages\\ipykernel\\kernelbase.py\", line 400, in dispatch_shell\n\n  File \"C:\\Users\\DELL\\miniconda3\\envs\\campusx\\Lib\\site-packages\\ipykernel\\ipkernel.py\", line 368, in execute_request\n\n  File \"C:\\Users\\DELL\\miniconda3\\envs\\campusx\\Lib\\site-packages\\ipykernel\\kernelbase.py\", line 767, in execute_request\n\n  File \"C:\\Users\\DELL\\miniconda3\\envs\\campusx\\Lib\\site-packages\\ipykernel\\ipkernel.py\", line 455, in do_execute\n\n  File \"C:\\Users\\DELL\\miniconda3\\envs\\campusx\\Lib\\site-packages\\ipykernel\\zmqshell.py\", line 577, in run_cell\n\n  File \"C:\\Users\\DELL\\miniconda3\\envs\\campusx\\Lib\\site-packages\\IPython\\core\\interactiveshell.py\", line 3116, in run_cell\n\n  File \"C:\\Users\\DELL\\miniconda3\\envs\\campusx\\Lib\\site-packages\\IPython\\core\\interactiveshell.py\", line 3171, in _run_cell\n\n  File \"C:\\Users\\DELL\\miniconda3\\envs\\campusx\\Lib\\site-packages\\IPython\\core\\async_helpers.py\", line 128, in _pseudo_sync_runner\n\n  File \"C:\\Users\\DELL\\miniconda3\\envs\\campusx\\Lib\\site-packages\\IPython\\core\\interactiveshell.py\", line 3394, in run_cell_async\n\n  File \"C:\\Users\\DELL\\miniconda3\\envs\\campusx\\Lib\\site-packages\\IPython\\core\\interactiveshell.py\", line 3639, in run_ast_nodes\n\n  File \"C:\\Users\\DELL\\miniconda3\\envs\\campusx\\Lib\\site-packages\\IPython\\core\\interactiveshell.py\", line 3699, in run_code\n\n  File \"C:\\Users\\DELL\\AppData\\Local\\Temp\\ipykernel_8984\\991708897.py\", line 5, in <module>\n\n  File \"C:\\Users\\DELL\\miniconda3\\envs\\campusx\\Lib\\site-packages\\keras_tuner\\src\\engine\\base_tuner.py\", line 234, in search\n\n  File \"C:\\Users\\DELL\\miniconda3\\envs\\campusx\\Lib\\site-packages\\keras_tuner\\src\\engine\\base_tuner.py\", line 274, in _try_run_and_update_trial\n\n  File \"C:\\Users\\DELL\\miniconda3\\envs\\campusx\\Lib\\site-packages\\keras_tuner\\src\\engine\\base_tuner.py\", line 239, in _run_and_update_trial\n\n  File \"C:\\Users\\DELL\\miniconda3\\envs\\campusx\\Lib\\site-packages\\keras_tuner\\src\\tuners\\hyperband.py\", line 427, in run_trial\n\n  File \"C:\\Users\\DELL\\miniconda3\\envs\\campusx\\Lib\\site-packages\\keras_tuner\\src\\engine\\tuner.py\", line 314, in run_trial\n\n  File \"C:\\Users\\DELL\\miniconda3\\envs\\campusx\\Lib\\site-packages\\keras_tuner\\src\\engine\\tuner.py\", line 233, in _build_and_fit_model\n\n  File \"C:\\Users\\DELL\\miniconda3\\envs\\campusx\\Lib\\site-packages\\keras_tuner\\src\\engine\\hypermodel.py\", line 149, in fit\n\n  File \"C:\\Users\\DELL\\miniconda3\\envs\\campusx\\Lib\\site-packages\\keras\\src\\utils\\traceback_utils.py\", line 117, in error_handler\n\n  File \"C:\\Users\\DELL\\miniconda3\\envs\\campusx\\Lib\\site-packages\\keras\\src\\backend\\tensorflow\\trainer.py\", line 399, in fit\n\n  File \"C:\\Users\\DELL\\miniconda3\\envs\\campusx\\Lib\\site-packages\\keras\\src\\backend\\tensorflow\\trainer.py\", line 241, in function\n\n  File \"C:\\Users\\DELL\\miniconda3\\envs\\campusx\\Lib\\site-packages\\keras\\src\\backend\\tensorflow\\trainer.py\", line 154, in multi_step_on_iterator\n\n  File \"C:\\Users\\DELL\\miniconda3\\envs\\campusx\\Lib\\site-packages\\keras\\src\\backend\\tensorflow\\trainer.py\", line 125, in wrapper\n\n  File \"C:\\Users\\DELL\\miniconda3\\envs\\campusx\\Lib\\site-packages\\keras\\src\\backend\\tensorflow\\trainer.py\", line 134, in one_step_on_data\n\n  File \"C:\\Users\\DELL\\miniconda3\\envs\\campusx\\Lib\\site-packages\\keras\\src\\backend\\tensorflow\\trainer.py\", line 62, in train_step\n\n  File \"C:\\Users\\DELL\\miniconda3\\envs\\campusx\\Lib\\site-packages\\keras\\src\\trainers\\trainer.py\", line 383, in _compute_loss\n\n  File \"C:\\Users\\DELL\\miniconda3\\envs\\campusx\\Lib\\site-packages\\keras\\src\\trainers\\trainer.py\", line 351, in compute_loss\n\n  File \"C:\\Users\\DELL\\miniconda3\\envs\\campusx\\Lib\\site-packages\\keras\\src\\trainers\\compile_utils.py\", line 699, in __call__\n\n  File \"C:\\Users\\DELL\\miniconda3\\envs\\campusx\\Lib\\site-packages\\keras\\src\\trainers\\compile_utils.py\", line 724, in call\n\n  File \"C:\\Users\\DELL\\miniconda3\\envs\\campusx\\Lib\\site-packages\\keras\\src\\losses\\loss.py\", line 67, in __call__\n\n  File \"C:\\Users\\DELL\\miniconda3\\envs\\campusx\\Lib\\site-packages\\keras\\src\\losses\\losses.py\", line 33, in call\n\n  File \"C:\\Users\\DELL\\miniconda3\\envs\\campusx\\Lib\\site-packages\\keras\\src\\losses\\losses.py\", line 2330, in sparse_categorical_crossentropy\n\n  File \"C:\\Users\\DELL\\miniconda3\\envs\\campusx\\Lib\\site-packages\\keras\\src\\ops\\nn.py\", line 2016, in sparse_categorical_crossentropy\n\n  File \"C:\\Users\\DELL\\miniconda3\\envs\\campusx\\Lib\\site-packages\\keras\\src\\backend\\tensorflow\\nn.py\", line 753, in sparse_categorical_crossentropy\n\nReceived a label value of 1 which is outside the valid range of [0, 1).  Label values: 0 0 0 1 0 0 0 0 0 0 0 1 1 1 0 0 0 1 1 0 0 0 0 0 0 1 0 1 0 0 0 0 0 1 1 0 0 0 0 0 0 1 1 0 0 0 0 0 0 0 0 1 0 0 0 0 1 0 0 0 1 0 0 0\n\t [[{{node compile_loss/sparse_categorical_crossentropy/SparseSoftmaxCrossEntropyWithLogits/SparseSoftmaxCrossEntropyWithLogits}}]] [Op:__inference_multi_step_on_iterator_1959]\n"}